<?xml version="1.0" encoding="UTF-8"?>
<!-- Generated by org.testng.reporters.JUnitXMLReporter -->
<testsuite hostname="Honey" ignored="0" name="demo Test" tests="5" failures="0" timestamp="09 May 2019 03:12:06 GMT" time="0.106" errors="0">
  <testcase name="@AfterMethod afterMethod" time="0.002" classname="com.datadriven.base.TestBase">
    <failure type="java.lang.NullPointerException">
      <![CDATA[java.lang.NullPointerException
at com.datadriven.base.Page.tearUp(Page.java:203)
at com.datadriven.base.TestBase.afterMethod(TestBase.java:44)
at java.util.concurrent.ThreadPoolExecutor.runWorker(ThreadPoolExecutor.java:1149)
at java.util.concurrent.ThreadPoolExecutor$Worker.run(ThreadPoolExecutor.java:624)
at java.lang.Thread.run(Thread.java:748)
... Removed 13 stack frames]]>
    </failure>
  </testcase> <!-- @AfterMethod afterMethod -->
  <testcase name="@AfterMethod afterMethod" time="0.0" classname="com.datadriven.base.TestBase">
    <skipped/>
  </testcase> <!-- @AfterMethod afterMethod -->
  <testcase name="@AfterMethod afterMethod" time="0.0" classname="com.datadriven.base.TestBase">
    <skipped/>
  </testcase> <!-- @AfterMethod afterMethod -->
  <testcase name="@AfterMethod afterMethod" time="0.0" classname="com.datadriven.base.TestBase">
    <skipped/>
  </testcase> <!-- @AfterMethod afterMethod -->
  <testcase name="@AfterMethod afterMethod" time="0.0" classname="com.datadriven.base.TestBase">
    <skipped/>
  </testcase> <!-- @AfterMethod afterMethod -->
  <testcase name="LoginTest" time="0.012" classname="com.datadriven.tests.BasicTest"/>
  <testcase name="LoginTest" time="0.0" classname="com.datadriven.tests.BasicTest">
    <skipped/>
  </testcase> <!-- LoginTest -->
  <testcase name="LoginTest" time="0.0" classname="com.datadriven.tests.BasicTest">
    <skipped/>
  </testcase> <!-- LoginTest -->
  <testcase name="LoginTest" time="0.0" classname="com.datadriven.tests.BasicTest">
    <skipped/>
  </testcase> <!-- LoginTest -->
  <testcase name="LoginTest" time="0.0" classname="com.datadriven.tests.BasicTest">
    <skipped/>
  </testcase> <!-- LoginTest -->
</testsuite> <!-- demo Test -->
