<?xml version="1.0" encoding="UTF-8"?>
<!-- Generated by org.testng.reporters.JUnitXMLReporter -->
<testsuite hostname="Honey" ignored="0" name="Default test" tests="5" failures="0" timestamp="08 May 2019 02:48:32 GMT" time="0.122" errors="0">
  <testcase name="Login" time="0.016" classname="com.datadriven.tests.BasicTest"/>
  <testcase name="Login" time="0.005" classname="com.datadriven.tests.BasicTest"/>
  <testcase name="Login" time="0.005" classname="com.datadriven.tests.BasicTest"/>
  <testcase name="Login" time="0.002" classname="com.datadriven.tests.BasicTest"/>
  <testcase name="Login" time="0.006" classname="com.datadriven.tests.BasicTest"/>
</testsuite> <!-- Default test -->
