<?xml version="1.0" encoding="UTF-8"?>
<!-- Generated by org.testng.reporters.JUnitXMLReporter -->
<testsuite hostname="Honey" ignored="0" name="Default test" tests="13" failures="0" timestamp="09 May 2019 15:29:51 GMT" time="0.193" errors="0">
  <testcase name="LoginTest" time="0.008" classname="com.datadriven.tests.LoginTest"/>
  <testcase name="LoginTest" time="0.004" classname="com.datadriven.tests.LoginTest"/>
  <testcase name="LoginTest" time="0.005" classname="com.datadriven.tests.LoginTest"/>
  <testcase name="SignUpTest" time="0.002" classname="com.datadriven.tests.LoginTest"/>
  <testcase name="SignUpTest" time="0.002" classname="com.datadriven.tests.LoginTest"/>
  <testcase name="SignUpTest" time="0.002" classname="com.datadriven.tests.LoginTest"/>
  <testcase name="SignUpTest" time="0.002" classname="com.datadriven.tests.LoginTest"/>
  <testcase name="SignUpTest" time="0.002" classname="com.datadriven.tests.LoginTest"/>
  <testcase name="SignUpTest2" time="0.002" classname="com.datadriven.tests.LoginTest"/>
  <testcase name="SignUpTest2" time="0.002" classname="com.datadriven.tests.LoginTest"/>
  <testcase name="SignUpTest2" time="0.001" classname="com.datadriven.tests.LoginTest"/>
  <testcase name="SignUpTest2" time="0.004" classname="com.datadriven.tests.LoginTest"/>
  <testcase name="SignUpTest2" time="0.001" classname="com.datadriven.tests.LoginTest"/>
</testsuite> <!-- Default test -->
