<?xml version="1.0" encoding="UTF-8"?>
<testng-results skipped="0" failed="0" ignored="0" total="1" passed="1">
  <reporter-output>
  </reporter-output>
  <suite name="Default suite" duration-ms="41468" started-at="2019-04-21T17:06:24Z" finished-at="2019-04-21T17:07:05Z">
    <groups>
    </groups>
    <test name="Default test" duration-ms="41468" started-at="2019-04-21T17:06:24Z" finished-at="2019-04-21T17:07:05Z">
      <class name="BasicTest">
        <test-method status="PASS" signature="setupDriver()[pri:0, instance:BasicTest@6ddf90b0]" name="setupDriver" is-config="true" duration-ms="21720" started-at="2019-04-21T17:06:24Z" finished-at="2019-04-21T17:06:46Z">
          <reporter-output>
          </reporter-output>
        </test-method> <!-- setupDriver -->
        <test-method status="PASS" signature="sampleTest()[pri:0, instance:BasicTest@6ddf90b0]" name="sampleTest" duration-ms="19625" started-at="2019-04-21T17:06:46Z" finished-at="2019-04-21T17:07:05Z">
          <reporter-output>
          </reporter-output>
        </test-method> <!-- sampleTest -->
        <test-method status="PASS" signature="tearUp()[pri:0, instance:BasicTest@6ddf90b0]" name="tearUp" is-config="true" duration-ms="0" started-at="2019-04-21T17:07:05Z" finished-at="2019-04-21T17:07:05Z">
          <reporter-output>
          </reporter-output>
        </test-method> <!-- tearUp -->
      </class> <!-- BasicTest -->
    </test> <!-- Default test -->
  </suite> <!-- Default suite -->
</testng-results>
